<?xml version="1.0" encoding="UTF-8"?>
<!-- Generated by org.testng.reporters.JUnitReportReporter -->
<testsuite hostname="DEEPAK" failures="0" tests="1" name="VerifyTitleHomepage" time="1.028" errors="0" timestamp="2024-04-30T14:51:41 IST" skipped="0">
  <testcase classname="VerifyTitleHomepage" name="TC" time="1.028"/>
  <system-out/>
</testsuite> <!-- VerifyTitleHomepage -->
